2023-03-13 14:25:55,594 ERROR: Exception on /user/test [GET] [in C:\Users\Nick\Documents\Praxisarbeit\praxisarbeit\lib\site-packages\flask\app.py:1741]
Traceback (most recent call last):
  File "C:\Users\Nick\Documents\Praxisarbeit\praxisarbeit\lib\site-packages\flask\app.py", line 2525, in wsgi_app
    response = self.full_dispatch_request()
  File "C:\Users\Nick\Documents\Praxisarbeit\praxisarbeit\lib\site-packages\flask\app.py", line 1822, in full_dispatch_request
    rv = self.handle_user_exception(e)
  File "C:\Users\Nick\Documents\Praxisarbeit\praxisarbeit\lib\site-packages\flask\app.py", line 1820, in full_dispatch_request
    rv = self.dispatch_request()
  File "C:\Users\Nick\Documents\Praxisarbeit\praxisarbeit\lib\site-packages\flask\app.py", line 1796, in dispatch_request
    return self.ensure_sync(self.view_functions[rule.endpoint])(**view_args)
  File "C:\Users\Nick\Documents\Praxisarbeit\praxisarbeit\lib\site-packages\flask_login\utils.py", line 290, in decorated_view
    return current_app.ensure_sync(func)(*args, **kwargs)
  File "C:\Users\Nick\Documents\Praxisarbeit\app\main\routes.py", line 221, in user
    page=page, per_page=certificates.config['CERTIFICATES_PER_PAGE'], error_out=False)
UnboundLocalError: local variable 'certificates' referenced before assignment
2023-03-13 14:28:23,729 INFO: Certificates startup [in C:\Users\Nick\Documents\Praxisarbeit\app\__init__.py:48]
2023-03-13 14:44:21,366 INFO: Certificates startup [in C:\Users\Nick\Documents\Praxisarbeit\app\__init__.py:51]
2023-03-13 14:56:58,768 INFO: Certificates startup [in C:\Users\Nick\Documents\Praxisarbeit\app\__init__.py:51]
2023-03-13 15:04:44,364 INFO: Certificates startup [in C:\Users\Nick\Documents\Praxisarbeit\app\__init__.py:51]
2023-03-13 15:12:10,103 INFO: Certificates startup [in C:\Users\Nick\Documents\Praxisarbeit\app\__init__.py:51]
2023-03-13 15:36:29,291 INFO: Certificates startup [in C:\Users\Nick\Documents\Praxisarbeit\app\__init__.py:51]
2023-03-13 15:40:17,928 INFO: Certificates startup [in C:\Users\Nick\Documents\Praxisarbeit\app\__init__.py:51]
